<?xml version="1.0" encoding="utf-8"?><testsuites name="pytest tests"><testsuite name="pytest" errors="0" failures="0" skipped="0" tests="16" time="5.837" timestamp="2026-09-12T02:44:33.571941+00:00" hostname="agent-env-0cfcf51c-6db2-4e85-a85d-5df59d1e7ba6"><testcase classname="backend.tests.test_cpf.TestRegisterCpf" name="test_register_valid_cpf" time="0.464" /><testcase classname="backend.tests.test_cpf.TestRegisterCpf" name="test_register_masked_cpf_accepted" time="0.344" /><testcase classname="backend.tests.test_cpf.TestRegisterCpf" name="test_register_invalid_cpf_check_digits" time="0.117" /><testcase classname="backend.tests.test_cpf.TestRegisterCpf" name="test_register_invalid_cpf_all_same" time="0.121" /><testcase classname="backend.tests.test_cpf.TestRegisterCpf" name="test_register_missing_cpf_422" time="0.127" /><testcase classname="backend.tests.test_cpf.TestRegisterCpf" name="test_register_duplicate_cpf" time="0.476" /><testcase classname="backend.tests.test_cpf.TestProfileCpf" name="test_profile_update_cpf_valid" time="0.448" /><testcase classname="backend.tests.test_cpf.TestProfileCpf" name="test_profile_update_cpf_invalid" time="0.418" /><testcase classname="backend.tests.test_cpf.TestProfileCpf" name="test_profile_update_cpf_duplicate_other_user" time="0.753" /><testcase classname="backend.tests.test_cpf.TestProfileCpf" name="test_profile_update_cpf_same_user_ok" time="0.527" /><testcase classname="backend.tests.test_cpf.TestAdminCpf" name="test_admin_list_customers_has_cpf" time="0.439" /><testcase classname="backend.tests.test_cpf.TestAdminCpf" name="test_admin_edit_cpf" time="0.438" /><testcase classname="backend.tests.test_cpf.TestAdminCpf" name="test_admin_edit_cpf_invalid" time="0.422" /><testcase classname="backend.tests.test_cpf.TestAdminCpf" name="test_admin_customers_requires_admin" time="0.160" /><testcase classname="backend.tests.test_cpf.TestAdminCpf" name="test_customer_cannot_admin_edit" time="0.448" /><testcase classname="backend.tests.test_cpf.TestLegacyNoCpf" name="test_admin_login_and_me_no_cpf" time="0.070" /></testsuite></testsuites>