<?xml version="1.0" encoding="utf-8"?><testsuites name="pytest tests"><testsuite name="pytest" errors="0" failures="0" skipped="0" tests="10" time="5.121" timestamp="2026-09-11T20:38:31.900678+00:00" hostname="agent-env-0cfcf51c-6db2-4e85-a85d-5df59d1e7ba6"><testcase classname="tests.test_integrations_api.TestIntegrationsOverview" name="test_overview_has_both_keys" time="0.575" /><testcase classname="tests.test_integrations_api.TestMelhorEnvioCredentials" name="test_save_and_get_masked" time="0.261" /><testcase classname="tests.test_integrations_api.TestMelhorEnvioCredentials" name="test_env_switch_clears_session_but_keeps_configured" time="0.414" /><testcase classname="tests.test_integrations_api.TestMelhorEnvioCredentials" name="test_auth_url_scopes" time="1.143" /><testcase classname="tests.test_integrations_api.TestMercadoPago" name="test_save_test_env_enables_and_masks" time="0.301" /><testcase classname="tests.test_integrations_api.TestMercadoPago" name="test_public_key_503_when_not_configured" time="0.357" /><testcase classname="tests.test_integrations_api.TestMercadoPago" name="test_public_key_when_configured" time="0.309" /><testcase classname="tests.test_integrations_api.TestMercadoPago" name="test_production_gating" time="0.277" /><testcase classname="tests.test_integrations_api.TestMercadoPago" name="test_env_switch_clears_creds" time="0.308" /><testcase classname="tests.test_integrations_api.TestSimulatedCheckout" name="test_create_order_simulated" time="1.109" /></testsuite></testsuites>