<?xml version="1.0" encoding="utf-8"?><testsuites name="pytest tests"><testsuite name="pytest" errors="0" failures="0" skipped="1" tests="21" time="8.412" timestamp="2026-09-12T02:18:13.044020+00:00" hostname="agent-env-0cfcf51c-6db2-4e85-a85d-5df59d1e7ba6"><testcase classname="tests.test_coupons_and_delete.TestCouponPreview" name="test_requires_auth" time="0.294" /><testcase classname="tests.test_coupons_and_delete.TestCouponPreview" name="test_bm10_ok" time="0.961" /><testcase classname="tests.test_coupons_and_delete.TestCouponPreview" name="test_below_min_order" time="0.000"><skipped type="pytest.skip" message="Todos os produtos custam &gt;= R$50; não dá pra testar mínimo">/app/backend/tests/test_coupons_and_delete.py:99: Todos os produtos custam &gt;= R$50; não dá pra testar mínimo</skipped></testcase><testcase classname="tests.test_coupons_and_delete.TestCouponPreview" name="test_invalid_coupon" time="0.069" /><testcase classname="tests.test_coupons_and_delete.TestOrderCoupon" name="test_order_freezes_snapshot_and_increments_used_count" time="0.567" /><testcase classname="tests.test_coupons_and_delete.TestCouponLimits" name="test_inactive" time="0.211" /><testcase classname="tests.test_coupons_and_delete.TestCouponLimits" name="test_expired" time="0.217" /><testcase classname="tests.test_coupons_and_delete.TestCouponLimits" name="test_usage_limit_exhausted" time="0.646" /><testcase classname="tests.test_coupons_and_delete.TestCouponLimits" name="test_per_user_limit" time="0.647" /><testcase classname="tests.test_coupons_and_delete.TestCouponLimits" name="test_first_purchase_only" time="0.689" /><testcase classname="tests.test_coupons_and_delete.TestCouponScope" name="test_products_scope_not_applicable" time="0.276" /><testcase classname="tests.test_coupons_and_delete.TestFreeShipping" name="test_free_shipping_applies" time="0.483" /><testcase classname="tests.test_coupons_and_delete.TestCouponRBAC" name="test_anon_forbidden" time="0.426" /><testcase classname="tests.test_coupons_and_delete.TestCouponRBAC" name="test_customer_forbidden" time="0.071" /><testcase classname="tests.test_coupons_and_delete.TestCouponRBAC" name="test_admin_generate_code" time="0.070" /><testcase classname="tests.test_coupons_and_delete.TestDeleteOrder" name="test_confirm_wrong" time="0.759" /><testcase classname="tests.test_coupons_and_delete.TestDeleteOrder" name="test_reason_empty" time="0.075" /><testcase classname="tests.test_coupons_and_delete.TestDeleteOrder" name="test_rbac_customer_forbidden" time="0.126" /><testcase classname="tests.test_coupons_and_delete.TestDeleteOrder" name="test_delete_success_returns_stock_once" time="0.546" /><testcase classname="tests.test_coupons_and_delete.TestDeleteOrder" name="test_scopes_filter" time="0.215" /><testcase classname="tests.test_coupons_and_delete.TestDeleteOrderMPBlock" name="test_mp_approved_blocks_delete" time="0.978" /></testsuite></testsuites>