<?xml version="1.0" encoding="utf-8"?><testsuites name="pytest tests"><testsuite name="pytest" errors="0" failures="0" skipped="0" tests="11" time="2.236" timestamp="2026-09-12T01:19:57.575143+00:00" hostname="agent-env-0cfcf51c-6db2-4e85-a85d-5df59d1e7ba6"><testcase classname="tests.test_site_content" name="test_public_site_content_shape" time="0.009" /><testcase classname="tests.test_site_content" name="test_public_site_config_has_social" time="0.004" /><testcase classname="tests.test_site_content" name="test_admin_site_content_requires_auth" time="0.002" /><testcase classname="tests.test_site_content" name="test_admin_social_links_requires_auth" time="0.004" /><testcase classname="tests.test_site_content" name="test_admin_login_works" time="0.273" /><testcase classname="tests.test_site_content" name="test_content_sanitization_removes_script_and_iframe" time="0.288" /><testcase classname="tests.test_site_content" name="test_social_link_invalid_url_returns_400" time="0.317" /><testcase classname="tests.test_site_content" name="test_inactive_page_hidden_public_visible_admin" time="0.372" /><testcase classname="tests.test_site_content" name="test_social_active_visibility_rules" time="0.277" /><testcase classname="tests.test_site_content" name="test_cep_lookup_valid" time="0.150" /><testcase classname="tests.test_site_content" name="test_cep_lookup_invalid" time="0.485" /></testsuite></testsuites>