<?xml version="1.0" encoding="utf-8"?><testsuites name="pytest tests"><testsuite name="pytest" errors="0" failures="0" skipped="0" tests="30" time="6.532" timestamp="2026-09-11T01:33:28.302558+00:00" hostname="agent-env-0cfcf51c-6db2-4e85-a85d-5df59d1e7ba6"><testcase classname="tests.test_new_features.TestCategoriesHierarchy" name="test_create_main_and_subcategory_and_tree" time="0.836" /><testcase classname="tests.test_new_features.TestCategoriesHierarchy" name="test_depth_limit" time="0.123" /><testcase classname="tests.test_new_features.TestCategoriesHierarchy" name="test_cannot_convert_parent_with_children_into_sub" time="0.230" /><testcase classname="tests.test_new_features.TestCategoriesHierarchy" name="test_move_subcategory" time="0.123" /><testcase classname="tests.test_new_features.TestRBACForNewEndpoints" name="test_customer_forbidden[get-/api/admin/categories/tree]" time="0.454" /><testcase classname="tests.test_new_features.TestRBACForNewEndpoints" name="test_customer_forbidden[post-/api/admin/categories]" time="0.078" /><testcase classname="tests.test_new_features.TestRBACForNewEndpoints" name="test_customer_forbidden[get-/api/admin/analytics]" time="0.073" /><testcase classname="tests.test_new_features.TestRBACForNewEndpoints" name="test_customer_forbidden[get-/api/admin/products]" time="0.076" /><testcase classname="tests.test_new_features.TestProductWithCost" name="test_reject_negative_cost" time="0.095" /><testcase classname="tests.test_new_features.TestProductWithCost" name="test_cost_hidden_public_list" time="0.367" /><testcase classname="tests.test_new_features.TestProductWithCost" name="test_cost_hidden_public_detail" time="0.173" /><testcase classname="tests.test_new_features.TestProductWithCost" name="test_cost_hidden_public_related" time="0.157" /><testcase classname="tests.test_new_features.TestProductWithCost" name="test_cost_history_on_update" time="0.340" /><testcase classname="tests.test_new_features.TestOrderCMVSnapshot" name="test_order_freezes_cost_with_cost" time="0.085" /><testcase classname="tests.test_new_features.TestOrderCMVSnapshot" name="test_changing_cost_does_not_alter_old_order" time="0.220" /><testcase classname="tests.test_new_features.TestOrderCMVSnapshot" name="test_order_no_cost_product" time="0.195" /><testcase classname="tests.test_new_features.TestAnalytics" name="test_periods_return_all_keys[today]" time="0.114" /><testcase classname="tests.test_new_features.TestAnalytics" name="test_periods_return_all_keys[7d]" time="0.097" /><testcase classname="tests.test_new_features.TestAnalytics" name="test_periods_return_all_keys[30d]" time="0.097" /><testcase classname="tests.test_new_features.TestAnalytics" name="test_periods_return_all_keys[this_month]" time="0.092" /><testcase classname="tests.test_new_features.TestAnalytics" name="test_periods_return_all_keys[last_month]" time="0.097" /><testcase classname="tests.test_new_features.TestAnalytics" name="test_custom_period" time="0.099" /><testcase classname="tests.test_new_features.TestAnalytics" name="test_cmv_reflected_after_orders" time="0.098" /><testcase classname="tests.test_new_features.TestProductImages" name="test_add_url_image_becomes_primary" time="0.193" /><testcase classname="tests.test_new_features.TestProductImages" name="test_upload_png" time="0.304" /><testcase classname="tests.test_new_features.TestProductImages" name="test_upload_jpeg" time="0.096" /><testcase classname="tests.test_new_features.TestProductImages" name="test_upload_webp" time="0.267" /><testcase classname="tests.test_new_features.TestProductImages" name="test_reject_non_image_bytes" time="0.098" /><testcase classname="tests.test_new_features.TestProductImages" name="test_reject_oversized" time="0.583" /><testcase classname="tests.test_new_features.TestProductImages" name="test_set_primary_and_delete_and_product_intact" time="0.597" /></testsuite></testsuites>