<?xml version="1.0" encoding="utf-8"?><testsuites name="pytest tests"><testsuite name="pytest" errors="0" failures="1" skipped="0" tests="41" time="15.740" timestamp="2026-08-30T23:19:58.206688+00:00" hostname="agent-env-0cfcf51c-6db2-4e85-a85d-5df59d1e7ba6"><testcase classname="tests.backend_test.TestHealth" name="test_health" time="0.258" /><testcase classname="tests.backend_test.TestHealth" name="test_root" time="0.152" /><testcase classname="tests.backend_test.TestCatalog" name="test_list_products" time="0.130" /><testcase classname="tests.backend_test.TestCatalog" name="test_filters" time="0.167" /><testcase classname="tests.backend_test.TestCatalog" name="test_search" time="0.175" /><testcase classname="tests.backend_test.TestCatalog" name="test_sort_price_asc" time="0.179" /><testcase classname="tests.backend_test.TestCatalog" name="test_product_by_slug_and_related" time="0.333" /><testcase classname="tests.backend_test.TestCatalog" name="test_product_not_found" time="0.112" /><testcase classname="tests.backend_test.TestCatalog" name="test_categories_and_brands" time="0.241" /><testcase classname="tests.backend_test.TestCatalog" name="test_banners" time="0.119" /><testcase classname="tests.backend_test.TestAuth" name="test_admin_login_sets_cookies" time="0.374" /><testcase classname="tests.backend_test.TestAuth" name="test_me_with_cookie" time="0.065" /><testcase classname="tests.backend_test.TestAuth" name="test_me_unauthenticated" time="0.112" /><testcase classname="tests.backend_test.TestAuth" name="test_refresh" time="0.066" /><testcase classname="tests.backend_test.TestAuth" name="test_logout" time="0.448" /><testcase classname="tests.backend_test.TestAuth" name="test_forgot_password_generic" time="0.143" /><testcase classname="tests.backend_test.TestAuth" name="test_reset_password_invalid_token" time="0.114" /><testcase classname="tests.backend_test.TestAuth" name="test_bearer_auth_on_me" time="0.588" /><testcase classname="tests.backend_test.TestAuth" name="test_brute_force_lockout" time="0.957"><failure message="AssertionError: Expected 429 after brute force, got 401&#10;assert 401 == 429&#10; +  where 401 = &lt;Response [401]&gt;.status_code">tests/backend_test.py:174: in test_brute_force_lockout
    assert r2.status_code == 429, f"Expected 429 after brute force, got {r2.status_code}"
E   AssertionError: Expected 429 after brute force, got 401
E   assert 401 == 429
E    +  where 401 = &lt;Response [401]&gt;.status_code</failure></testcase><testcase classname="tests.backend_test.TestRBAC" name="test_admin_stats_anonymous" time="0.157" /><testcase classname="tests.backend_test.TestRBAC" name="test_admin_stats_customer_forbidden" time="0.618" /><testcase classname="tests.backend_test.TestRBAC" name="test_admin_stats_ok" time="0.105" /><testcase classname="tests.backend_test.TestCoupons" name="test_valid_coupons[BRASIL10]" time="0.169" /><testcase classname="tests.backend_test.TestCoupons" name="test_valid_coupons[MINIS20]" time="0.111" /><testcase classname="tests.backend_test.TestCoupons" name="test_valid_coupons[FRETEGRATIS]" time="0.144" /><testcase classname="tests.backend_test.TestCoupons" name="test_invalid_coupon" time="0.126" /><testcase classname="tests.backend_test.TestOrders" name="test_create_order_and_stock_decrement" time="0.314" /><testcase classname="tests.backend_test.TestOrders" name="test_oversell_rejected" time="0.338" /><testcase classname="tests.backend_test.TestOrders" name="test_concurrent_no_negative_stock" time="6.302" /><testcase classname="tests.backend_test.TestOrders" name="test_order_with_coupon_and_shipping" time="0.178" /><testcase classname="tests.backend_test.TestOrders" name="test_empty_cart_rejected" time="0.065" /><testcase classname="tests.backend_test.TestOrders" name="test_my_orders" time="0.060" /><testcase classname="tests.backend_test.TestAccount" name="test_update_profile" time="0.065" /><testcase classname="tests.backend_test.TestAccount" name="test_wrong_current_password" time="0.289" /><testcase classname="tests.backend_test.TestAccount" name="test_address_flow" time="0.198" /><testcase classname="tests.backend_test.TestFavorites" name="test_favorites_idempotent" time="0.459" /><testcase classname="tests.backend_test.TestReviews" name="test_review_recomputes_rating" time="0.353" /><testcase classname="tests.backend_test.TestReviews" name="test_review_requires_auth" time="0.271" /><testcase classname="tests.backend_test.TestAdminCRUD" name="test_product_crud" time="0.220" /><testcase classname="tests.backend_test.TestAdminCRUD" name="test_admin_orders_and_customers" time="0.142" /><testcase classname="tests.backend_test.TestAdminCRUD" name="test_banner_crud" time="0.133" /></testsuite></testsuites>