<?xml version="1.0" encoding="utf-8"?><testsuites name="pytest tests"><testsuite name="pytest" errors="0" failures="0" skipped="0" tests="32" time="5.288" timestamp="2026-08-05T22:21:13.355819+00:00" hostname="agent-env-0cfcf51c-6db2-4e85-a85d-5df59d1e7ba6"><testcase classname="tests.backend_test.TestCatalog" name="test_list_products_seeded" time="0.414" /><testcase classname="tests.backend_test.TestAdmin" name="test_customer_forbidden" time="0.473" /><testcase classname="tests.backend_test.TestCatalog" name="test_filter_by_search" time="0.086" /><testcase classname="tests.backend_test.TestCatalog" name="test_filter_sort_price_asc" time="0.066" /><testcase classname="tests.backend_test.TestCatalog" name="test_pagination" time="0.274" /><testcase classname="tests.backend_test.TestAdmin" name="test_stats" time="0.412" /><testcase classname="tests.backend_test.TestCatalog" name="test_get_product_by_slug_and_related" time="0.256" /><testcase classname="tests.backend_test.TestAdmin" name="test_admin_lists" time="0.284" /><testcase classname="tests.backend_test.TestCatalog" name="test_product_not_found" time="0.134" /><testcase classname="tests.backend_test.TestAdmin" name="test_product_crud" time="0.180" /><testcase classname="tests.backend_test.TestCatalog" name="test_categories_and_brands" time="0.215" /><testcase classname="tests.backend_test.TestAdmin" name="test_category_and_brand_and_banner_lifecycle" time="0.578" /><testcase classname="tests.backend_test.TestCatalog" name="test_banners" time="0.085" /><testcase classname="tests.backend_test.TestAuth" name="test_register_login_me_logout_cycle" time="0.854" /><testcase classname="tests.backend_test.TestAdmin" name="test_update_order_status" time="0.118" /><testcase classname="tests.backend_test.TestCoupons" name="test_valid_coupons[BRASIL10]" time="0.113" /><testcase classname="tests.backend_test.TestCoupons" name="test_valid_coupons[MINIS20]" time="0.241" /><testcase classname="tests.backend_test.TestCoupons" name="test_valid_coupons[FRETEGRATIS]" time="0.056" /><testcase classname="tests.backend_test.TestCoupons" name="test_invalid_coupon" time="0.275" /><testcase classname="tests.backend_test.TestAuth" name="test_duplicate_register" time="0.427" /><testcase classname="tests.backend_test.TestOrders" name="test_create_order_requires_auth" time="0.085" /><testcase classname="tests.backend_test.TestAuth" name="test_login_bad_password" time="0.082" /><testcase classname="tests.backend_test.TestOrders" name="test_create_order_with_coupon_and_shipping" time="0.275" /><testcase classname="tests.backend_test.TestAuth" name="test_me_requires_auth" time="0.103" /><testcase classname="tests.backend_test.TestAccount" name="test_update_profile" time="0.077" /><testcase classname="tests.backend_test.TestAccount" name="test_change_password_and_revert" time="1.112" /><testcase classname="tests.backend_test.TestOrders" name="test_empty_cart" time="0.081" /><testcase classname="tests.backend_test.TestFavorites" name="test_favorites_flow" time="1.293" /><testcase classname="tests.backend_test.TestAccount" name="test_addresses_crud" time="0.206" /><testcase classname="tests.backend_test" name="test_root_health" time="0.065" /><testcase classname="tests.backend_test.TestFavorites" name="test_favorites_requires_auth" time="0.055" /><testcase classname="tests.backend_test.TestReviews" name="test_add_review_updates_rating" time="0.196" /></testsuite></testsuites>