<?xml version="1.0" encoding="utf-8"?><testsuites name="pytest tests"><testsuite name="pytest" errors="0" failures="1" skipped="0" tests="50" time="16.463" timestamp="2026-09-11T01:33:39.106599+00:00" hostname="agent-env-0cfcf51c-6db2-4e85-a85d-5df59d1e7ba6"><testcase classname="tests.backend_test.TestHealth" name="test_health" time="0.121" /><testcase classname="tests.backend_test.TestHealth" name="test_root" time="1.133" /><testcase classname="tests.backend_test.TestCatalog" name="test_list_products" time="0.210" /><testcase classname="tests.backend_test.TestCatalog" name="test_filters" time="0.161" /><testcase classname="tests.backend_test.TestCatalog" name="test_search" time="0.159" /><testcase classname="tests.backend_test.TestCatalog" name="test_sort_price_asc" time="0.111" /><testcase classname="tests.backend_test.TestCatalog" name="test_product_by_slug_and_related" time="0.410" /><testcase classname="tests.backend_test.TestCatalog" name="test_product_not_found" time="0.140" /><testcase classname="tests.backend_test.TestCatalog" name="test_categories_and_brands" time="0.294" /><testcase classname="tests.backend_test.TestCatalog" name="test_banners" time="0.133" /><testcase classname="tests.backend_test.TestAuth" name="test_admin_login_sets_cookies" time="0.340" /><testcase classname="tests.backend_test.TestAuth" name="test_me_with_cookie" time="0.065" /><testcase classname="tests.backend_test.TestAuth" name="test_me_unauthenticated" time="0.121" /><testcase classname="tests.backend_test.TestAuth" name="test_refresh" time="0.062" /><testcase classname="tests.backend_test.TestAuth" name="test_logout" time="0.459" /><testcase classname="tests.backend_test.TestAuth" name="test_forgot_password_generic" time="0.501" /><testcase classname="tests.backend_test.TestAuth" name="test_reset_password_invalid_token" time="0.834" /><testcase classname="tests.backend_test.TestAuth" name="test_bearer_auth_on_me" time="0.488" /><testcase classname="tests.backend_test.TestAuth" name="test_brute_force_lockout" time="1.088" /><testcase classname="tests.backend_test.TestRBAC" name="test_admin_stats_anonymous" time="0.123" /><testcase classname="tests.backend_test.TestRBAC" name="test_admin_stats_customer_forbidden" time="0.456" /><testcase classname="tests.backend_test.TestRBAC" name="test_admin_stats_ok" time="0.078" /><testcase classname="tests.backend_test.TestCoupons" name="test_valid_coupons[BRASIL10]" time="0.162" /><testcase classname="tests.backend_test.TestCoupons" name="test_valid_coupons[MINIS20]" time="0.129" /><testcase classname="tests.backend_test.TestCoupons" name="test_valid_coupons[FRETEGRATIS]" time="0.147" /><testcase classname="tests.backend_test.TestCoupons" name="test_invalid_coupon" time="0.138" /><testcase classname="tests.backend_test.TestOrders" name="test_create_order_and_stock_decrement" time="0.335" /><testcase classname="tests.backend_test.TestOrders" name="test_oversell_rejected" time="0.398" /><testcase classname="tests.backend_test.TestOrders" name="test_concurrent_no_negative_stock" time="2.669" /><testcase classname="tests.backend_test.TestOrders" name="test_order_with_coupon_and_shipping" time="0.387"><failure message="AssertionError: Internal Server Error&#10;assert 500 == 200&#10; +  where 500 = &lt;Response [500]&gt;.status_code">tests/backend_test.py:296: in test_order_with_coupon_and_shipping
    assert r.status_code == 200, r.text
E   AssertionError: Internal Server Error
E   assert 500 == 200
E    +  where 500 = &lt;Response [500]&gt;.status_code</failure></testcase><testcase classname="tests.backend_test.TestOrders" name="test_empty_cart_rejected" time="0.077" /><testcase classname="tests.backend_test.TestOrders" name="test_my_orders" time="0.074" /><testcase classname="tests.backend_test.TestAccount" name="test_update_profile" time="0.077" /><testcase classname="tests.backend_test.TestAccount" name="test_wrong_current_password" time="0.296" /><testcase classname="tests.backend_test.TestAccount" name="test_address_flow" time="0.225" /><testcase classname="tests.backend_test.TestFavorites" name="test_favorites_idempotent" time="0.612" /><testcase classname="tests.backend_test.TestReviews" name="test_review_recomputes_rating" time="0.394" /><testcase classname="tests.backend_test.TestReviews" name="test_review_requires_auth" time="0.291" /><testcase classname="tests.backend_test.TestAdminCRUD" name="test_product_crud" time="0.195" /><testcase classname="tests.backend_test.TestAdminCRUD" name="test_admin_orders_and_customers" time="0.129" /><testcase classname="tests.backend_test.TestAdminCRUD" name="test_banner_crud" time="0.138" /><testcase classname="tests.backend_test.TestSiteMaintenance" name="test_public_status_open" time="0.125" /><testcase classname="tests.backend_test.TestSiteMaintenance" name="test_customer_forbidden" time="0.148" /><testcase classname="tests.backend_test.TestSiteMaintenance" name="test_admin_get_settings" time="0.057" /><testcase classname="tests.backend_test.TestSiteMaintenance" name="test_invalid_url_rejected" time="0.065" /><testcase classname="tests.backend_test.TestSiteMaintenance" name="test_enable_reflects_and_disable" time="0.580" /><testcase classname="tests.backend_test.TestSiteBranding" name="test_public_config_open" time="0.141" /><testcase classname="tests.backend_test.TestSiteBranding" name="test_customer_forbidden" time="0.160" /><testcase classname="tests.backend_test.TestSiteBranding" name="test_width_limits" time="0.206" /><testcase classname="tests.backend_test.TestSiteBranding" name="test_upload_and_fallback" time="0.463" /></testsuite></testsuites>